<?xml version="1.0" encoding="UTF-8" ?>
<testsuite failures="1" time="2.495" errors="0" skipped="0" tests="1" name="com.taylor.wall.config.MappingIntegrationTest">
  <properties>
    <property name="java.runtime.name" value="Java(TM) SE Runtime Environment"/>
    <property name="sun.boot.library.path" value="/home/dev/jdk1.7.0_45/jre/lib/amd64"/>
    <property name="java.vm.version" value="24.45-b08"/>
    <property name="java.vm.vendor" value="Oracle Corporation"/>
    <property name="java.vendor.url" value="http://java.oracle.com/"/>
    <property name="path.separator" value=":"/>
    <property name="guice.disable.misplaced.annotation.check" value="true"/>
    <property name="java.vm.name" value="Java HotSpot(TM) 64-Bit Server VM"/>
    <property name="file.encoding.pkg" value="sun.io"/>
    <property name="user.country" value="US"/>
    <property name="sun.java.launcher" value="SUN_STANDARD"/>
    <property name="sun.os.patch.level" value="unknown"/>
    <property name="java.vm.specification.name" value="Java Virtual Machine Specification"/>
    <property name="user.dir" value="/home/dev/SpringWorkspace/Wall"/>
    <property name="java.runtime.version" value="1.7.0_45-b18"/>
    <property name="java.awt.graphicsenv" value="sun.awt.X11GraphicsEnvironment"/>
    <property name="java.endorsed.dirs" value="/home/dev/jdk1.7.0_45/jre/lib/endorsed"/>
    <property name="os.arch" value="amd64"/>
    <property name="java.io.tmpdir" value="/tmp"/>
    <property name="line.separator" value="
"/>
    <property name="java.vm.specification.vendor" value="Oracle Corporation"/>
    <property name="os.name" value="Linux"/>
    <property name="classworlds.conf" value="/home/dev/SpringWorkspace/.metadata/.plugins/org.eclipse.m2e.launching/launches/m2conf998567629922410201.tmp"/>
    <property name="sun.jnu.encoding" value="UTF-8"/>
    <property name="java.library.path" value="/usr/java/packages/lib/amd64:/usr/lib64:/lib64:/lib:/usr/lib"/>
    <property name="java.specification.name" value="Java Platform API Specification"/>
    <property name="java.class.version" value="51.0"/>
    <property name="sun.management.compiler" value="HotSpot 64-Bit Tiered Compilers"/>
    <property name="os.version" value="3.8.0-33-generic"/>
    <property name="user.home" value="/home/dev"/>
    <property name="user.timezone" value="America/Los_Angeles"/>
    <property name="java.awt.printerjob" value="sun.print.PSPrinterJob"/>
    <property name="file.encoding" value="UTF-8"/>
    <property name="java.specification.version" value="1.7"/>
    <property name="user.name" value="dev"/>
    <property name="java.class.path" value="/usr/local/springsource/sts-3.4.0.RELEASE/configuration/org.eclipse.osgi/bundles/575/1/.cp/jars/plexus-classworlds-2.4.jar"/>
    <property name="java.vm.specification.version" value="1.7"/>
    <property name="sun.arch.data.model" value="64"/>
    <property name="java.home" value="/home/dev/jdk1.7.0_45/jre"/>
    <property name="sun.java.command" value="org.codehaus.plexus.classworlds.launcher.Launcher -B test"/>
    <property name="java.specification.vendor" value="Oracle Corporation"/>
    <property name="user.language" value="en"/>
    <property name="awt.toolkit" value="sun.awt.X11.XToolkit"/>
    <property name="java.vm.info" value="mixed mode"/>
    <property name="java.version" value="1.7.0_45"/>
    <property name="java.ext.dirs" value="/home/dev/jdk1.7.0_45/jre/lib/ext:/usr/java/packages/lib/ext"/>
    <property name="securerandom.source" value="file:/dev/./urandom"/>
    <property name="sun.boot.class.path" value="/home/dev/jdk1.7.0_45/jre/lib/resources.jar:/home/dev/jdk1.7.0_45/jre/lib/rt.jar:/home/dev/jdk1.7.0_45/jre/lib/sunrsasign.jar:/home/dev/jdk1.7.0_45/jre/lib/jsse.jar:/home/dev/jdk1.7.0_45/jre/lib/jce.jar:/home/dev/jdk1.7.0_45/jre/lib/charsets.jar:/home/dev/jdk1.7.0_45/jre/lib/jfr.jar:/home/dev/jdk1.7.0_45/jre/classes"/>
    <property name="java.vendor" value="Oracle Corporation"/>
    <property name="maven.home" value="/home/dev/SpringWorkspace/Wall/EMBEDDED"/>
    <property name="file.separator" value="/"/>
    <property name="java.vendor.url.bug" value="http://bugreport.sun.com/bugreport/"/>
    <property name="maven.bootclasspath" value="/usr/local/springsource/sts-3.4.0.RELEASE/configuration/org.eclipse.osgi/bundles/575/1/.cp/jars/plexus-classworlds-2.4.jar"/>
    <property name="sun.cpu.endian" value="little"/>
    <property name="sun.io.unicode.encoding" value="UnicodeLittle"/>
    <property name="sun.desktop" value="gnome"/>
    <property name="sun.cpu.isalist" value=""/>
  </properties>
  <testcase time="2.224" classname="com.taylor.wall.config.MappingIntegrationTest" name="thatItemCustomMappingWorks">
    <failure message="Table not found in schema : POdST" type="junit.framework.AssertionFailedError">junit.framework.AssertionFailedError: Table not found in schema : POdST
	at junit.framework.Assert.fail(Assert.java:47)
	at com.taylor.wall.persistence.domain.fixture.JPAAssertions.assertTableExists(JPAAssertions.java:56)
	at com.taylor.wall.config.MappingIntegrationTest.thatItemCustomMappingWorks(MappingIntegrationTest.java:27)
	at sun.reflect.NativeMethodAccessorImpl.invoke0(Native Method)
	at sun.reflect.NativeMethodAccessorImpl.invoke(NativeMethodAccessorImpl.java:57)
	at sun.reflect.DelegatingMethodAccessorImpl.invoke(DelegatingMethodAccessorImpl.java:43)
	at java.lang.reflect.Method.invoke(Method.java:606)
	at org.junit.runners.model.FrameworkMethod$1.runReflectiveCall(FrameworkMethod.java:44)
	at org.junit.internal.runners.model.ReflectiveCallable.run(ReflectiveCallable.java:15)
	at org.junit.runners.model.FrameworkMethod.invokeExplosively(FrameworkMethod.java:41)
	at org.junit.internal.runners.statements.InvokeMethod.evaluate(InvokeMethod.java:20)
	at org.springframework.test.context.junit4.statements.RunBeforeTestMethodCallbacks.evaluate(RunBeforeTestMethodCallbacks.java:74)
	at org.springframework.test.context.junit4.statements.RunAfterTestMethodCallbacks.evaluate(RunAfterTestMethodCallbacks.java:83)
	at org.springframework.test.context.junit4.statements.SpringRepeat.evaluate(SpringRepeat.java:72)
	at org.springframework.test.context.junit4.SpringJUnit4ClassRunner.runChild(SpringJUnit4ClassRunner.java:231)
	at org.springframework.test.context.junit4.SpringJUnit4ClassRunner.runChild(SpringJUnit4ClassRunner.java:88)
	at org.junit.runners.ParentRunner$3.run(ParentRunner.java:193)
	at org.junit.runners.ParentRunner$1.schedule(ParentRunner.java:52)
	at org.junit.runners.ParentRunner.runChildren(ParentRunner.java:191)
	at org.junit.runners.ParentRunner.access$000(ParentRunner.java:42)
	at org.junit.runners.ParentRunner$2.evaluate(ParentRunner.java:184)
	at org.springframework.test.context.junit4.statements.RunBeforeTestClassCallbacks.evaluate(RunBeforeTestClassCallbacks.java:61)
	at org.springframework.test.context.junit4.statements.RunAfterTestClassCallbacks.evaluate(RunAfterTestClassCallbacks.java:71)
	at org.junit.runners.ParentRunner.run(ParentRunner.java:236)
	at org.springframework.test.context.junit4.SpringJUnit4ClassRunner.run(SpringJUnit4ClassRunner.java:174)
	at org.apache.maven.surefire.junit4.JUnit4TestSet.execute(JUnit4TestSet.java:53)
	at org.apache.maven.surefire.junit4.JUnit4Provider.executeTestSet(JUnit4Provider.java:123)
	at org.apache.maven.surefire.junit4.JUnit4Provider.invoke(JUnit4Provider.java:104)
	at sun.reflect.NativeMethodAccessorImpl.invoke0(Native Method)
	at sun.reflect.NativeMethodAccessorImpl.invoke(NativeMethodAccessorImpl.java:57)
	at sun.reflect.DelegatingMethodAccessorImpl.invoke(DelegatingMethodAccessorImpl.java:43)
	at java.lang.reflect.Method.invoke(Method.java:606)
	at org.apache.maven.surefire.util.ReflectionUtils.invokeMethodWithArray(ReflectionUtils.java:164)
	at org.apache.maven.surefire.booter.ProviderFactory$ProviderProxy.invoke(ProviderFactory.java:110)
	at org.apache.maven.surefire.booter.SurefireStarter.invokeProvider(SurefireStarter.java:175)
	at org.apache.maven.surefire.booter.SurefireStarter.runSuitesInProcessWhenForked(SurefireStarter.java:107)
	at org.apache.maven.surefire.booter.ForkedBooter.main(ForkedBooter.java:68)
</failure>
    <system-out>INFO : org.springframework.context.support.GenericApplicationContext - Refreshing org.springframework.context.support.GenericApplicationContext@586c7a6e: startup date [Mon Nov 18 14:32:21 PST 2013]; root of context hierarchy
INFO : org.springframework.beans.factory.annotation.AutowiredAnnotationBeanPostProcessor - JSR-330 &apos;javax.inject.Inject&apos; annotation found and supported for autowiring
INFO : org.springframework.beans.factory.support.DefaultListableBeanFactory - Pre-instantiating singletons in org.springframework.beans.factory.support.DefaultListableBeanFactory@2ec764e3: defining beans [org.springframework.context.annotation.internalConfigurationAnnotationProcessor,org.springframework.context.annotation.internalAutowiredAnnotationProcessor,org.springframework.context.annotation.internalRequiredAnnotationProcessor,org.springframework.context.annotation.internalCommonAnnotationProcessor,org.springframework.context.annotation.internalPersistenceAnnotationProcessor,JPAConfiguration,org.springframework.context.annotation.ConfigurationClassPostProcessor$ImportAwareBeanPostProcessor#0,org.springframework.data.repository.core.support.RepositoryInterfaceAwareBeanPostProcessor#0,org.springframework.aop.config.internalAutoProxyCreator,org.springframework.data.repository.core.support.RepositoryInterfaceAwareBeanPostProcessor#1,proxyTransactionManagementConfiguration,org.springframework.transaction.config.internalTransactionAdvisor,transactionAttributeSource,transactionInterceptor,entityManagerFactory,entityManager,transactionManager,hibernateExceptionTranslator,dataSource]; root of factory hierarchy
INFO : org.springframework.jdbc.datasource.embedded.EmbeddedDatabaseFactory - Creating embedded database &apos;testdb&apos;
INFO : org.springframework.orm.jpa.LocalContainerEntityManagerFactoryBean - Building JPA container EntityManagerFactory for persistence unit &apos;default&apos;
INFO : org.hibernate.annotations.common.Version - HCANN000001: Hibernate Commons Annotations {4.0.1.Final}
INFO : org.hibernate.Version - HHH000412: Hibernate Core {4.2.1.Final}
INFO : org.hibernate.cfg.Environment - HHH000206: hibernate.properties not found
INFO : org.hibernate.cfg.Environment - HHH000021: Bytecode provider name : javassist
INFO : org.hibernate.ejb.Ejb3Configuration - HHH000204: Processing PersistenceUnitInfo [
	name: default
	...]
INFO : org.hibernate.service.jdbc.connections.internal.ConnectionProviderInitiator - HHH000130: Instantiating explicit connection provider: org.hibernate.ejb.connection.InjectedDataSourceConnectionProvider
INFO : org.hibernate.dialect.Dialect - HHH000400: Using dialect: org.hibernate.dialect.H2Dialect
INFO : org.hibernate.engine.transaction.internal.TransactionFactoryInitiator - HHH000268: Transaction strategy: org.hibernate.engine.transaction.internal.jdbc.JdbcTransactionFactory
INFO : org.hibernate.hql.internal.ast.ASTQueryTranslatorFactory - HHH000397: Using ASTQueryTranslatorFactory
INFO : org.hibernate.tool.hbm2ddl.SchemaUpdate - HHH000228: Running hbm2ddl schema update
INFO : org.hibernate.tool.hbm2ddl.SchemaUpdate - HHH000102: Fetching database metadata
INFO : org.hibernate.tool.hbm2ddl.SchemaUpdate - HHH000396: Updating schema
INFO : java.sql.DatabaseMetaData - HHH000262: Table not found: POST
INFO : java.sql.DatabaseMetaData - HHH000262: Table not found: USER
INFO : java.sql.DatabaseMetaData - HHH000262: Table not found: WALL
INFO : java.sql.DatabaseMetaData - HHH000262: Table not found: WALL_POST
INFO : java.sql.DatabaseMetaData - HHH000262: Table not found: POST
INFO : java.sql.DatabaseMetaData - HHH000262: Table not found: USER
INFO : java.sql.DatabaseMetaData - HHH000262: Table not found: WALL
INFO : java.sql.DatabaseMetaData - HHH000262: Table not found: WALL_POST
INFO : org.hibernate.tool.hbm2ddl.SchemaUpdate - HHH000232: Schema update complete
INFO : org.springframework.test.context.transaction.TransactionalTestExecutionListener - Began transaction (1): transaction manager [org.springframework.orm.jpa.JpaTransactionManager@68987460]; rollback [true]
INFO : org.springframework.test.context.transaction.TransactionalTestExecutionListener - Rolled back transaction after test execution for test context [TestContext@41efda6e testClass = MappingIntegrationTest, testInstance = com.taylor.wall.config.MappingIntegrationTest@69ed8d93, testMethod = thatItemCustomMappingWorks@MappingIntegrationTest, testException = junit.framework.AssertionFailedError: Table not found in schema : POdST, mergedContextConfiguration = [MergedContextConfiguration@6ae9e439 testClass = MappingIntegrationTest, locations = &apos;{}&apos;, classes = &apos;{class com.taylor.wall.config.JPAConfiguration}&apos;, contextInitializerClasses = &apos;[]&apos;, activeProfiles = &apos;{}&apos;, contextLoader = &apos;org.springframework.test.context.support.DelegatingSmartContextLoader&apos;, parent = [null]]]
</system-out>
  </testcase>
</testsuite>